<?xml version="1.0" encoding="UTF-8"?>
<!-- Generated by org.testng.reporters.JUnitReportReporter -->
<testsuite skipped="0" hostname="LAPTOP-KLHT85UI" name="com.cjc.Mercurydemo" tests="2" failures="0" timestamp="2022-01-13T17:05:57 IST" time="5.650" errors="0">
  <testcase name="loginchech1" time="2.196" classname="com.cjc.Mercurydemo"/>
  <system-out/>
  <testcase name="loginchech" time="3.454" classname="com.cjc.Mercurydemo"/>
  <system-out/>
</testsuite> <!-- com.cjc.Mercurydemo -->
