<?xml version="1.0" encoding="UTF-8"?>
<!-- Generated by org.testng.reporters.JUnitReportReporter -->
<testsuite skipped="0" hostname="LAPTOP-KLHT85UI" name="com.cjc.Demo" tests="2" failures="0" timestamp="2022-01-07T15:35:48 IST" time="3.640" errors="0">
  <testcase name="loginchech1" time="1.408" classname="com.cjc.Demo"/>
  <system-out/>
  <testcase name="loginchech" time="2.232" classname="com.cjc.Demo"/>
  <system-out/>
</testsuite> <!-- com.cjc.Demo -->
